<?xml version="1.0" encoding="UTF-8"?>
<persistence version="2.0"
             xmlns="http://java.sun.com/xml/ns/persistence" 
             xmlns:xsi="http://www.w3.org/2001/XMLSchema-instance"
             xsi:schemaLocation="http://java.sun.com/xml/ns/persistence 
              http://java.sun.com/xml/ns/persistence/persistence_2_0.xsd">
              
       <persistence-unit name="neo4jTest" transaction-type="JTA">
       <provider>org.hibernate.ogm.jpa.HibernateOgmPersistence</provider>
<!--        <jta-data-source>java:/DefaultDS</jta-data-source> -->
        <properties>
            <property name="hibernate.ogm.datastore.provider" value="neo4j:" />
             <property name="hibernate.ogm.neo4j.database.path" value="D:\_Prog\Neo4j\_DB"/>
            <property name="jboss.as.jpa.adapterModule" value="org.jboss.as.jpa.hibernate:4"/>
            <property name="jboss.as.jpa.providerModule" value="org.hibernate:ogm"/>
            <property name="hibernate.transaction.jta.platform"
                      value="org.hibernate.service.jta.platform.internal.JBossAppServerJtaPlatform" />
        </properties>
    </persistence-unit>
</persistence>